<?xml version="1.0" encoding="UTF-8"?>
<testng-results ignored="0" total="1" passed="1" failed="0" skipped="0">
  <reporter-output>
  </reporter-output>
  <suite started-at="2024-01-20T01:48:11 IST" name="InetBankingV1" finished-at="2024-01-20T01:48:17 IST" duration-ms="5953">
    <groups>
    </groups>
    <test started-at="2024-01-20T01:48:11 IST" name="BankingApp Test" finished-at="2024-01-20T01:48:17 IST" duration-ms="5953">
      <class name="com.inetBanking.testCases.TC_LoginTest_001">
        <test-method is-config="true" signature="setup(java.lang.String)[pri:0, instance:com.inetBanking.testCases.TC_LoginTest_001@6aba2b86]" started-at="2024-01-20T01:48:11 IST" name="setup" finished-at="2024-01-20T01:48:15 IST" duration-ms="4017" status="PASS">
          <params>
            <param index="0">
              <value>
                <![CDATA[chrome]]>
              </value>
            </param>
          </params>
          <reporter-output>
          </reporter-output>
        </test-method> <!-- setup -->
        <test-method signature="LoginTest()[pri:0, instance:com.inetBanking.testCases.TC_LoginTest_001@6aba2b86]" started-at="2024-01-20T01:48:15 IST" name="LoginTest" finished-at="2024-01-20T01:48:17 IST" duration-ms="1704" status="PASS">
          <reporter-output>
          </reporter-output>
        </test-method> <!-- LoginTest -->
        <test-method is-config="true" signature="tearDown()[pri:0, instance:com.inetBanking.testCases.TC_LoginTest_001@6aba2b86]" started-at="2024-01-20T01:48:17 IST" name="tearDown" finished-at="2024-01-20T01:48:17 IST" duration-ms="123" status="PASS">
          <reporter-output>
          </reporter-output>
        </test-method> <!-- tearDown -->
      </class> <!-- com.inetBanking.testCases.TC_LoginTest_001 -->
    </test> <!-- BankingApp Test -->
  </suite> <!-- InetBankingV1 -->
</testng-results>
